[1;33m[STATUS - /home/cr0c0/awesome_dotfiles/boot/guard.zsh][0m readlink command found. continuing
[1;33m[STATUS - /home/cr0c0/awesome_dotfiles/boot/functions.zsh][0m Loaded git management functions.
[1;33m[STATUS - /home/cr0c0/awesome_dotfiles/boot/symlinks.zsh][0m Sourcing deploy scripts.
	/home/cr0c0/.bashrc [32mok.[0m
	/home/cr0c0/.bash_profile [32mok.[0m
	/home/cr0c0/.emacs.d [32mok.[0m
	/home/cr0c0/.tmux.conf [32mok.[0m
	/home/cr0c0/.tmux.d [32mok.[0m
[1;33m[INFO][m Cloning tmux plugin manager
fatal: Zielpfad '/home/cr0c0/.tmux/plugins/tpm' existiert bereits und ist kein leeres Verzeichnis.
fatal: Zielpfad '/home/cr0c0/.tmux/plugins/tmux-fingers' existiert bereits und ist kein leeres Verzeichnis.
	/home/cr0c0/.vim [32mok.[0m
./vim/deploy.zsh:source:4: datei oder Verzeichnis nicht gefunden: ./install.sh
	/home/cr0c0/.zshrc [32mok.[0m
	/home/cr0c0/.zsh.d [32mok.[0m
	/home/cr0c0/.zshenv [31m-[30mX[0m->[0m /home/cr0c0/.zshenv [32m->[0m /home/cr0c0/awesome_dotfiles/zsh/zshenv.zsh
[1;33m[STATUS - /home/cr0c0/awesome_dotfiles/boot/symlinks.zsh][0m Checking/Updated symlinks within /home/cr0c0/dotfiles.
	/home/cr0c0/.dotfiles [32mok.[0m
[1;33m[STATUS - /home/cr0c0/awesome_dotfiles/boot/zsh-deps.zsh][0m Creating dir /home/cr0c0/.dotfiles/deps/zsh.
-------------------
[33mPerforming git status[0m on [[32mninrod/zsh-bd[0m].
Von https://github.com/ninrod/zsh-bd
 = [aktuell]         master     -> origin/master
[36mninrod/zsh-bd[0m is already [34mUp-to-date[0m.
-------------------
-------------------
[33mPerforming git status[0m on [[32mninrod/k[0m].
Von https://github.com/ninrod/k
 = [aktuell]         master     -> origin/master
[36mninrod/k[0m is already [34mUp-to-date[0m.
-------------------
-------------------
[33mPerforming git status[0m on [[32mninrod/docker-zsh-completion[0m].
Von https://github.com/ninrod/docker-zsh-completion
 = [aktuell]         master     -> origin/master
[36mninrod/docker-zsh-completion[0m is already [34mUp-to-date[0m.
-------------------
-------------------
[33mPerforming git status[0m on [[32mninrod/docker-compose-zsh-completion[0m].
Von https://github.com/ninrod/docker-compose-zsh-completion
 = [aktuell]         master     -> origin/master
[36mninrod/docker-compose-zsh-completion[0m is already [34mUp-to-date[0m.
-------------------
-------------------
[33mPerforming git status[0m on [[32mzsh-users/zsh-completions[0m].
Von https://github.com/zsh-users/zsh-completions
 = [aktuell]         master     -> origin/master
[36mzsh-users/zsh-completions[0m is already [34mUp-to-date[0m.
-------------------
-------------------
[33mPerforming git status[0m on [[32mninrod/pass-zsh-completion[0m].
Von https://github.com/ninrod/pass-zsh-completion
 = [aktuell]         master     -> origin/master
[36mninrod/pass-zsh-completion[0m is already [34mUp-to-date[0m.
-------------------
-------------------
[33mPerforming git status[0m on [[32mninrod/gradle-zsh-completion[0m].
Von https://github.com/ninrod/gradle-zsh-completion
 = [aktuell]         master     -> origin/master
[36mninrod/gradle-zsh-completion[0m is already [34mUp-to-date[0m.
-------------------
-------------------
[33mPerforming git status[0m on [[32mzsh-users/zsh-autosuggestions[0m].
Von https://github.com/zsh-users/zsh-autosuggestions
 = [aktuell]         master     -> origin/master
[36mzsh-users/zsh-autosuggestions[0m is already [34mUp-to-date[0m.
-------------------
-------------------
[33mPerforming git status[0m on [[32mzsh-users/zsh-syntax-highlighting[0m].
Von https://github.com/zsh-users/zsh-syntax-highlighting
 = [aktuell]         master     -> origin/master
[36mzsh-users/zsh-syntax-highlighting[0m is already [34mUp-to-date[0m.
-------------------
-------------------
[33mPerforming git status[0m on [[32mninrod/gruvbox-theme[0m].
Von https://github.com/ninrod/gruvbox-theme
 = [aktuell]         master     -> origin/master
[36mninrod/gruvbox-theme[0m is already [34mUp-to-date[0m.
-------------------
-------------------
[33mPerforming git status[0m on [[32mninrod/rsynced-melpa[0m].
Von https://github.com/ninrod/rsynced-melpa
 = [aktuell]           master     -> origin/master
[36mninrod/rsynced-melpa[0m is already [34mUp-to-date[0m.
-------------------
-------------------
[33mPerforming git status[0m on [[32mninrod/evil-replace-with-char[0m].
Von https://github.com/ninrod/evil-replace-with-char
 = [aktuell]         master     -> origin/master
[36mninrod/evil-replace-with-char[0m is already [34mUp-to-date[0m.
-------------------
-------------------
[33mPerforming git status[0m on [[32mninrod/evil-string-inflection[0m].
Von https://github.com/ninrod/evil-string-inflection
 = [aktuell]         master     -> origin/master
[36mninrod/evil-string-inflection[0m is already [34mUp-to-date[0m.
-------------------
-------------------
[33mPerforming git status[0m on [[32mnoctuid/rect-ext.el[0m].
Von https://github.com/noctuid/rect-ext.el
 = [aktuell]         master     -> origin/master
[36mnoctuid/rect-ext.el[0m is already [34mUp-to-date[0m.
-------------------
-------------------
[33mPerforming git status[0m on [[32memacs-evil/evil[0m].
Von https://github.com/emacs-evil/evil
 = [aktuell]         master     -> origin/master
[36memacs-evil/evil[0m is already [34mUp-to-date[0m.
-------------------
-------------------
[33mPerforming git status[0m on [[32mjaypei/emacs-neotree[0m].
Von https://github.com/jaypei/emacs-neotree
 = [aktuell]         dev        -> origin/dev
[36mjaypei/emacs-neotree[0m is already [34mUp-to-date[0m.
-------------------
-------------------
[33mPerforming git status[0m on [[32mseebi/dircolors-solarized[0m].
Von https://github.com/seebi/dircolors-solarized
 = [aktuell]         master     -> origin/master
[36mseebi/dircolors-solarized[0m is already [34mUp-to-date[0m.
-------------------
	/home/cr0c0/.lscolors [32mok.[0m
-------------------
[33mPerforming git status[0m on [[32mMorantron/tmux-fingers[0m].
Von https://github.com/Morantron/tmux-fingers
 = [aktuell]         master     -> origin/master
[36mMorantron/tmux-fingers[0m is already [34mUp-to-date[0m.
-------------------
